2022-07-18 20:47:26,468 INFO org.springframework.boot.StartupInfoLogger [main] Starting LemmatizerApplication using Java 17.0.2 on LAPTOP-AVJVH143 with PID 10744 (C:\Java\IdeaProjects\lemmatizer_cyrillic\build\classes\java\main started by PC in C:\Java\IdeaProjects\lemmatizer_cyrillic)
2022-07-18 20:47:26,475 INFO org.springframework.boot.SpringApplication [main] No active profile set, falling back to 1 default profile: "default"
2022-07-18 20:47:27,149 INFO org.springframework.data.repository.config.RepositoryConfigurationDelegate [main] Bootstrapping Spring Data JPA repositories in DEFAULT mode.
2022-07-18 20:47:27,234 INFO org.springframework.data.repository.config.RepositoryConfigurationDelegate [main] Finished Spring Data repository scanning in 57 ms. Found 1 JPA repository interfaces.
2022-07-18 20:47:28,216 INFO org.springframework.boot.web.embedded.tomcat.TomcatWebServer [main] Tomcat initialized with port(s): 8080 (http)
2022-07-18 20:47:28,232 INFO org.apache.juli.logging.DirectJDKLog [main] Initializing ProtocolHandler ["http-nio-8080"]
2022-07-18 20:47:28,232 INFO org.apache.juli.logging.DirectJDKLog [main] Starting service [Tomcat]
2022-07-18 20:47:28,232 INFO org.apache.juli.logging.DirectJDKLog [main] Starting Servlet engine: [Apache Tomcat/9.0.62]
2022-07-18 20:47:28,372 INFO org.apache.juli.logging.DirectJDKLog [main] Initializing Spring embedded WebApplicationContext
2022-07-18 20:47:28,372 INFO org.springframework.boot.web.servlet.context.ServletWebServerApplicationContext [main] Root WebApplicationContext: initialization completed in 1803 ms
2022-07-18 20:47:28,569 INFO com.zaxxer.hikari.HikariDataSource [main] HikariPool-1 - Starting...
2022-07-18 20:47:28,857 INFO com.zaxxer.hikari.HikariDataSource [main] HikariPool-1 - Start completed.
2022-07-18 20:47:28,904 INFO org.hibernate.jpa.internal.util.LogHelper [main] HHH000204: Processing PersistenceUnitInfo [name: default]
2022-07-18 20:47:28,998 INFO org.hibernate.Version [main] HHH000412: Hibernate ORM core version 5.6.9.Final
2022-07-18 20:47:29,234 INFO org.hibernate.annotations.common.reflection.java.JavaReflectionManager [main] HCANN000001: Hibernate Commons Annotations {5.1.2.Final}
2022-07-18 20:47:29,375 INFO org.hibernate.dialect.Dialect [main] HHH000400: Using dialect: org.hibernate.dialect.PostgreSQLDialect
2022-07-18 20:47:29,980 INFO org.hibernate.engine.transaction.jta.platform.internal.JtaPlatformInitiator [main] HHH000490: Using JtaPlatform implementation: [org.hibernate.engine.transaction.jta.platform.internal.NoJtaPlatform]
2022-07-18 20:47:29,995 INFO org.springframework.orm.jpa.AbstractEntityManagerFactoryBean [main] Initialized JPA EntityManagerFactory for persistence unit 'default'
2022-07-18 20:47:30,435 WARN org.springframework.boot.autoconfigure.orm.jpa.JpaBaseConfiguration$JpaWebConfiguration [main] spring.jpa.open-in-view is enabled by default. Therefore, database queries may be performed during view rendering. Explicitly configure spring.jpa.open-in-view to disable this warning
2022-07-18 20:47:30,606 INFO org.springframework.boot.autoconfigure.web.servlet.WelcomePageHandlerMapping [main] Adding welcome page template: index
2022-07-18 20:47:30,825 INFO org.apache.juli.logging.DirectJDKLog [main] Starting ProtocolHandler ["http-nio-8080"]
2022-07-18 20:47:30,856 INFO org.springframework.boot.web.embedded.tomcat.TomcatWebServer [main] Tomcat started on port(s): 8080 (http) with context path ''
2022-07-18 20:47:30,872 INFO org.springframework.boot.StartupInfoLogger [main] Started LemmatizerApplication in 5.022 seconds (JVM running for 5.442)
2022-07-18 20:47:35,075 INFO org.apache.juli.logging.DirectJDKLog [http-nio-8080-exec-4] Initializing Spring DispatcherServlet 'dispatcherServlet'
2022-07-18 20:47:35,075 INFO org.springframework.web.servlet.FrameworkServlet [http-nio-8080-exec-4] Initializing Servlet 'dispatcherServlet'
2022-07-18 20:47:35,077 INFO org.springframework.web.servlet.FrameworkServlet [http-nio-8080-exec-4] Completed initialization in 1 ms
2022-07-18 20:47:47,569 INFO com.github.a_oleg.controllers.URLController [http-nio-8080-exec-1] Successful launch of the application
2022-07-18 20:49:37,290 INFO com.github.a_oleg.controllers.URLController [http-nio-8080-exec-1] Successful completion of the application and data transfer to the front-end
